2023/04/14 10:25:40 pq: duplicate key value violates unique constraint "users_email_key"
2023/04/14 10:25:39 409 - POST /auth/register_admin
2023/04/14 10:25:52 200 - POST /auth/logout
2023/04/14 10:28:51 200 - POST /auth/login
2023/04/14 10:29:07 pq: duplicate key value violates unique constraint "users_email_key"
2023/04/14 10:29:06 409 - POST /auth/register_admin
2023/04/14 10:29:11 pq: duplicate key value violates unique constraint "users_email_key"
2023/04/14 10:29:11 409 - POST /auth/register_admin
2023/04/14 10:29:12 pq: duplicate key value violates unique constraint "users_email_key"
2023/04/14 10:29:12 409 - POST /auth/register_admin
2023/04/14 10:29:14 pq: duplicate key value violates unique constraint "users_email_key"
2023/04/14 10:29:13 409 - POST /auth/register_admin
2023/04/14 10:29:58 pq: duplicate key value violates unique constraint "users_phone_number_key"
2023/04/14 10:29:58 409 - POST /auth/register_admin
2023/04/14 10:30:05 200 - POST /auth/register_admin
2023/04/14 10:30:31 sql: no rows in result set
2023/04/14 10:30:30 400 - POST /auth/login
2023/04/14 10:30:34 sql: no rows in result set
2023/04/14 10:30:33 400 - POST /auth/login
2023/04/14 10:30:35 sql: no rows in result set
2023/04/14 10:30:35 400 - POST /auth/login
2023/04/14 10:30:36 sql: no rows in result set
2023/04/14 10:30:36 400 - POST /auth/login
2023/04/14 10:30:37 sql: no rows in result set
2023/04/14 10:30:36 400 - POST /auth/login
2023/04/14 10:30:38 sql: no rows in result set
2023/04/14 10:30:37 400 - POST /auth/login
2023/04/14 10:30:39 sql: no rows in result set
2023/04/14 10:30:38 400 - POST /auth/login
2023/04/14 10:33:17 200 - POST /auth/login
2023/04/14 10:34:48 404 - POST /auth/refresh
2023/04/14 10:37:03 200 - POST /auth/refresh
2023/04/14 10:37:18 400 - POST /auth/refresh
2023/04/14 10:37:19 400 - POST /auth/refresh
2023/04/14 10:37:23 200 - POST /auth/login
2023/04/14 10:37:37 403 - POST /auth/refresh
2023/04/14 10:37:40 403 - POST /auth/refresh
2023/04/14 10:37:41 403 - POST /auth/refresh
2023/04/14 10:37:42 403 - POST /auth/refresh
2023/04/14 10:37:42 403 - POST /auth/refresh
2023/04/14 10:37:43 403 - POST /auth/refresh
2023/04/14 10:37:44 403 - POST /auth/refresh
2023/04/14 10:37:45 403 - POST /auth/refresh
2023/04/14 10:37:45 403 - POST /auth/refresh
2023/04/14 10:39:05 403 - POST /auth/refresh
2023/04/14 10:39:16 403 - POST /auth/refresh
2023/04/14 10:39:53 403 - POST /auth/refresh
2023/04/14 10:39:57 200 - POST /auth/login
2023/04/14 10:40:19 401 - POST /auth/refresh
2023/04/14 10:47:11 200 - POST /auth/refresh
2023/04/14 10:47:12 200 - POST /auth/refresh
2023/04/14 10:47:13 200 - POST /auth/refresh
2023/04/14 10:53:23 200 - POST /auth/refresh
2023/04/14 10:53:28 200 - POST /auth/refresh
2023/04/14 10:53:49 400 - POST /auth/refresh
2023/04/14 10:54:25 200 - POST /auth/refresh
2023/04/14 11:01:05 200 - POST /auth/refresh
2023/04/14 11:05:16 200 - POST /auth/refresh
2023/04/14 11:17:10 token contains an invalid number of segments
2023/04/14 11:17:10 501 - POST /auth/refresh
2023/04/14 11:17:30 token contains an invalid number of segments
2023/04/14 11:17:29 401 - POST /auth/refresh
2023/04/14 11:17:33 token contains an invalid number of segments
2023/04/14 11:17:32 401 - POST /auth/refresh
2023/04/14 11:17:34 token contains an invalid number of segments
2023/04/14 11:17:33 401 - POST /auth/refresh
2023/04/14 11:17:34 token contains an invalid number of segments
2023/04/14 11:17:34 401 - POST /auth/refresh
2023/04/14 11:17:37 200 - POST /auth/login
2023/04/14 11:17:50 signature is invalid
2023/04/14 11:17:50 401 - POST /auth/refresh
2023/04/14 11:18:22 200 - POST /auth/refresh
2023/04/14 11:20:22 200 - POST /auth/refresh
2023/04/14 11:25:28 200 - POST /auth/refresh
2023/04/14 11:25:45 pq: duplicate key value violates unique constraint "users_username_key"
2023/04/14 11:25:45 409 - POST /auth/register_admin
2023/04/14 11:26:18 token not found
2023/04/14 11:26:18 401 - POST /auth/refresh
2023/04/14 11:26:26 token not found
2023/04/14 11:26:26 401 - POST /auth/refresh
2023/04/14 11:26:35 token not found
2023/04/14 11:26:34 401 - POST /auth/refresh
2023/04/14 11:27:02 401 - POST /auth/register_admin
2023/04/14 11:27:09 200 - POST /auth/login
2023/04/14 11:27:20 200 - POST /auth/refresh
2023/04/14 11:27:32 token not found
2023/04/14 11:27:31 401 - POST /auth/refresh
2023/04/14 11:27:37 token not found
2023/04/14 11:27:37 401 - POST /auth/refresh
2023/04/14 11:27:41 token not found
2023/04/14 11:27:41 401 - POST /auth/refresh
2023/04/14 11:27:42 token not found
2023/04/14 11:27:42 401 - POST /auth/refresh
2023/04/14 11:27:43 token not found
2023/04/14 11:27:42 401 - POST /auth/refresh
2023/04/14 11:27:44 token not found
2023/04/14 11:27:43 401 - POST /auth/refresh
2023/04/14 11:31:32 token not found
2023/04/14 11:31:32 401 - POST /auth/refresh
2023/04/14 11:31:33 token not found
2023/04/14 11:31:33 401 - POST /auth/refresh
2023/04/14 11:31:40 200 - POST /auth/login
2023/04/14 11:32:06 200 - POST /auth/refresh
2023/04/14 11:33:34 token not found
2023/04/14 11:33:34 401 - POST /auth/refresh
2023/04/14 11:33:41 token not found
2023/04/14 11:33:41 401 - POST /auth/refresh
2023/04/14 11:33:44 token not found
2023/04/14 11:33:44 401 - POST /auth/refresh
2023/04/14 11:33:45 token not found
2023/04/14 11:33:45 401 - POST /auth/refresh
2023/04/14 11:33:46 token not found
2023/04/14 11:33:45 401 - POST /auth/refresh
2023/04/14 11:33:55 token not found
2023/04/14 11:33:55 401 - POST /auth/refresh
2023/04/14 11:33:56 token not found
2023/04/14 11:33:55 401 - POST /auth/refresh
2023/04/14 11:33:56 token not found
2023/04/14 11:33:56 401 - POST /auth/refresh
2023/04/14 11:33:57 token not found
2023/04/14 11:33:57 401 - POST /auth/refresh
2023/04/14 11:33:58 token not found
2023/04/14 11:33:58 401 - POST /auth/refresh
2023/04/14 11:35:00 token not found
2023/04/14 11:35:00 401 - POST /auth/refresh
2023/04/14 11:36:25 token not found
2023/04/14 11:36:25 401 - POST /auth/refresh
2023/04/14 11:37:46 token not found
2023/04/14 11:37:46 401 - POST /auth/refresh
2023/04/14 11:39:52 token not found
2023/04/14 11:39:51 401 - POST /auth/refresh
2023/04/14 11:40:44 token not found
2023/04/14 11:40:43 401 - POST /auth/refresh
2023/04/14 11:41:27 401 - POST /auth/register_admin
2023/04/14 11:41:31 200 - POST /auth/login
2023/04/14 11:41:41 pq: duplicate key value violates unique constraint "users_username_key"
2023/04/14 11:41:41 409 - POST /auth/register_admin
2023/04/14 11:42:27 200 - POST /auth/refresh
2023/04/14 12:52:45 token is expired by 11m14s
2023/04/14 12:52:45 401 - POST /auth/refresh
2023/04/14 12:52:52 200 - POST /auth/login
2023/04/14 12:53:04 200 - POST /auth/refresh
2023/04/14 12:53:26 200 - POST /auth/refresh
2023/04/14 12:53:37 token not found
2023/04/14 12:53:36 401 - POST /auth/refresh
2023/04/14 12:53:47 token not found
2023/04/14 12:53:46 401 - POST /auth/refresh
2023/04/14 12:53:55 200 - POST /auth/login
2023/04/14 12:54:07 200 - POST /auth/refresh
2023/04/14 12:54:26 200 - POST /auth/refresh
2023/04/14 12:54:37 token not found
2023/04/14 12:54:37 401 - POST /auth/refresh
2023/04/14 12:54:43 token not found
2023/04/14 12:54:43 401 - POST /auth/refresh
2023/04/14 12:55:05 200 - POST /auth/login
2023/04/14 12:55:17 200 - POST /auth/refresh
2023/04/14 12:55:28 400 - POST /auth/refresh
2023/04/14 12:55:35 200 - POST /auth/refresh
2023/04/14 12:55:47 200 - POST /auth/refresh
2023/04/14 12:56:57 200 - POST /auth/refresh
2023/04/14 12:57:19 token not found
2023/04/14 12:57:19 401 - POST /auth/refresh
2023/04/14 12:58:50 token not found
2023/04/14 12:58:49 401 - POST /auth/refresh
2023/04/14 12:58:54 200 - POST /auth/login
2023/04/14 12:59:02 token not found
2023/04/14 12:59:02 401 - POST /auth/refresh
2023/04/14 12:59:07 200 - POST /auth/refresh
2023/04/14 12:59:16 token not found
2023/04/14 12:59:15 401 - POST /auth/refresh
2023/04/14 12:59:21 200 - POST /auth/refresh
2023/04/14 13:20:54 200 - POST /auth/login
2023/04/14 13:21:08 403 - POST /auth/register_admin
2023/04/14 13:25:53 403 - POST /auth/register_admin
2023/04/14 13:26:21 200 - POST /auth/login
2023/04/14 13:26:57 200 - POST /auth/login
2023/04/14 13:27:20 200 - POST /auth/login
2023/04/14 13:27:37 403 - POST /auth/register_admin
2023/04/14 13:27:42 403 - POST /auth/register_admin
2023/04/14 13:30:14 403 - POST /auth/register_admin
2023/04/14 13:30:41 403 - POST /auth/register_admin
2023/04/14 13:31:12 403 - POST /auth/register_admin
2023/04/14 13:32:24 403 - POST /auth/register_admin
2023/04/14 13:33:04 403 - POST /auth/register_admin
2023/04/14 13:33:18 pq: duplicate key value violates unique constraint "users_username_key"
2023/04/14 13:33:17 409 - POST /auth/register_admin/
2023/04/14 13:33:46 403 - POST /auth/register_admin/
2023/04/14 13:33:49 pq: duplicate key value violates unique constraint "users_username_key"
2023/04/14 13:33:49 409 - POST /auth/register_admin
2023/04/14 13:34:41 pq: duplicate key value violates unique constraint "users_username_key"
2023/04/14 13:34:40 409 - POST /auth/register_admin
2023/04/14 13:34:52 pq: duplicate key value violates unique constraint "users_email_key"
2023/04/14 13:34:51 409 - POST /auth/register_admin
2023/04/14 13:35:00 pq: duplicate key value violates unique constraint "users_phone_number_key"
2023/04/14 13:34:59 409 - POST /auth/register_admin
2023/04/14 13:35:04 200 - POST /auth/register_admin
2023/04/14 13:35:22 200 - POST /auth/login
2023/04/14 13:35:35 403 - POST /auth/register_admin
